[13:20:15] INIT: Titan
[13:20:15] Found IDPV -> Hooked
[13:20:15] Found PRW -> Hooked
[13:20:15] Found STS
[13:20:15] Found TSE
[13:20:15] Found GSED
[13:20:15] Found OEB -> Hooked
[13:20:15] Found NTVM -> Hooked
[13:20:15] Found AOE
[13:20:21] Getting Game State...
[13:20:21] Getting vector3 result fixer func...
[13:20:21] Getting native registration table...
[13:20:21] Getting World Pointer...
[13:20:21] Getting Blip List...
[13:20:21] Bypassing Object restrictions..
[13:20:21] Getting active script thread...
[13:20:21] Getting World Pointer...
[13:20:21] Getting Event Hook...
[13:20:21] Initializing natives...
[13:20:21] Checking if GTA V is ready...
[13:20:21] GTA V ready!
[13:20:23] Main function executed
[13:20:23] Main function executed
